# JRE version: OpenJDK Runtime Environment (15.0.2+7) (build 15.0.2+7-27)
# Java VM: OpenJDK 64-Bit Server VM (15.0.2+7-27, mixed mode, tiered, compressed oops, g1 gc, linux-amd64)
GC Precious Log:
 CPUs: 8 total, 8 available
 Memory: 15799M
 Large Page Support: Disabled
 NUMA Support: Disabled
 Compressed Oops: Enabled (32-bit)
 Heap Region Size: 1M
 Heap Min Capacity: 8M
 Heap Initial Capacity: 248M
 Heap Max Capacity: 1G
 Pre-touch: Disabled
 Parallel Workers: 8
 Concurrent Workers: 2
 Concurrent Refinement Workers: 8
 Periodic GC: Disabled
Heap:
 garbage-first heap   total 114688K, used 98179K [0x00000000c0000000, 0x0000000100000000)
  region size 1024K, 45 young (46080K), 1 survivors (1024K)
 Metaspace       used 100053K, capacity 106036K, committed 106496K, reserved 1142784K
  class space    used 11298K, capacity 13422K, committed 13568K, reserved 1048576K
GC Heap History (20 events):
Event: 2351.322 GC heap before
{Heap before GC invocations=150 (full 0):
 garbage-first heap   total 114688K, used 97675K [0x00000000c0000000, 0x0000000100000000)
  region size 1024K, 43 young (44032K), 3 survivors (3072K)
 Metaspace       used 99873K, capacity 105972K, committed 106496K, reserved 1142784K
  class space    used 11297K, capacity 13422K, committed 13568K, reserved 1048576K
}
Event: 2351.327 GC heap after
{Heap after GC invocations=151 (full 0):
 garbage-first heap   total 114688K, used 58039K [0x00000000c0000000, 0x0000000100000000)
  region size 1024K, 3 young (3072K), 3 survivors (3072K)
 Metaspace       used 99873K, capacity 105972K, committed 106496K, reserved 1142784K
  class space    used 11297K, capacity 13422K, committed 13568K, reserved 1048576K
}
Event: 2373.655 GC heap before
{Heap before GC invocations=151 (full 0):
 garbage-first heap   total 114688K, used 98999K [0x00000000c0000000, 0x0000000100000000)
  region size 1024K, 43 young (44032K), 3 survivors (3072K)
 Metaspace       used 99879K, capacity 105972K, committed 106496K, reserved 1142784K
  class space    used 11297K, capacity 13422K, committed 13568K, reserved 1048576K
}
Event: 2373.657 GC heap after
{Heap after GC invocations=152 (full 0):
 garbage-first heap   total 114688K, used 57991K [0x00000000c0000000, 0x0000000100000000)
  region size 1024K, 3 young (3072K), 3 survivors (3072K)
 Metaspace       used 99879K, capacity 105972K, committed 106496K, reserved 1142784K
  class space    used 11297K, capacity 13422K, committed 13568K, reserved 1048576K
}
Event: 2411.240 GC heap before
{Heap before GC invocations=153 (full 0):
 garbage-first heap   total 114688K, used 98951K [0x00000000c0000000, 0x0000000100000000)
  region size 1024K, 43 young (44032K), 3 survivors (3072K)
 Metaspace       used 99882K, capacity 105972K, committed 106496K, reserved 1142784K
  class space    used 11297K, capacity 13422K, committed 13568K, reserved 1048576K
}
Event: 2411.244 GC heap after
{Heap after GC invocations=154 (full 0):
 garbage-first heap   total 114688K, used 58460K [0x00000000c0000000, 0x0000000100000000)
  region size 1024K, 4 young (4096K), 4 survivors (4096K)
 Metaspace       used 99882K, capacity 105972K, committed 106496K, reserved 1142784K
  class space    used 11297K, capacity 13422K, committed 13568K, reserved 1048576K
}
Event: 2550.339 GC heap before
{Heap before GC invocations=154 (full 0):
 garbage-first heap   total 114688K, used 97372K [0x00000000c0000000, 0x0000000100000000)
  region size 1024K, 42 young (43008K), 4 survivors (4096K)
 Metaspace       used 99915K, capacity 105972K, committed 106496K, reserved 1142784K
  class space    used 11297K, capacity 13422K, committed 13568K, reserved 1048576K
}
Event: 2550.345 GC heap after
{Heap after GC invocations=155 (full 0):
 garbage-first heap   total 114688K, used 58036K [0x00000000c0000000, 0x0000000100000000)
  region size 1024K, 2 young (2048K), 2 survivors (2048K)
 Metaspace       used 99915K, capacity 105972K, committed 106496K, reserved 1142784K
  class space    used 11297K, capacity 13422K, committed 13568K, reserved 1048576K
}
Event: 2553.390 GC heap before
{Heap before GC invocations=156 (full 0):
 garbage-first heap   total 114688K, used 100020K [0x00000000c0000000, 0x0000000100000000)
  region size 1024K, 43 young (44032K), 2 survivors (2048K)
 Metaspace       used 99967K, capacity 105972K, committed 106496K, reserved 1142784K
  class space    used 11298K, capacity 13422K, committed 13568K, reserved 1048576K
}
Event: 2553.395 GC heap after
{Heap after GC invocations=157 (full 0):
 garbage-first heap   total 114688K, used 58414K [0x00000000c0000000, 0x0000000100000000)
  region size 1024K, 3 young (3072K), 3 survivors (3072K)
 Metaspace       used 99967K, capacity 105972K, committed 106496K, reserved 1142784K
  class space    used 11298K, capacity 13422K, committed 13568K, reserved 1048576K
}
Event: 2641.746 GC heap before
{Heap before GC invocations=157 (full 0):
 garbage-first heap   total 114688K, used 98350K [0x00000000c0000000, 0x0000000100000000)
  region size 1024K, 42 young (43008K), 3 survivors (3072K)
 Metaspace       used 100036K, capacity 106036K, committed 106496K, reserved 1142784K
  class space    used 11298K, capacity 13422K, committed 13568K, reserved 1048576K
}
Event: 2641.748 GC heap after
{Heap after GC invocations=158 (full 0):
 garbage-first heap   total 114688K, used 58030K [0x00000000c0000000, 0x0000000100000000)
  region size 1024K, 2 young (2048K), 2 survivors (2048K)
 Metaspace       used 100036K, capacity 106036K, committed 106496K, reserved 1142784K
  class space    used 11298K, capacity 13422K, committed 13568K, reserved 1048576K
}
Event: 2810.268 GC heap before
{Heap before GC invocations=159 (full 0):
 garbage-first heap   total 114688K, used 100014K [0x00000000c0000000, 0x0000000100000000)
  region size 1024K, 43 young (44032K), 2 survivors (2048K)
 Metaspace       used 100039K, capacity 106036K, committed 106496K, reserved 1142784K
  class space    used 11298K, capacity 13422K, committed 13568K, reserved 1048576K
}
Event: 2810.271 GC heap after
{Heap after GC invocations=160 (full 0):
 garbage-first heap   total 114688K, used 58159K [0x00000000c0000000, 0x0000000100000000)
  region size 1024K, 2 young (2048K), 2 survivors (2048K)
 Metaspace       used 100039K, capacity 106036K, committed 106496K, reserved 1142784K
  class space    used 11298K, capacity 13422K, committed 13568K, reserved 1048576K
}
Event: 3034.939 GC heap before
{Heap before GC invocations=160 (full 0):
 garbage-first heap   total 114688K, used 100143K [0x00000000c0000000, 0x0000000100000000)
  region size 1024K, 43 young (44032K), 2 survivors (2048K)
 Metaspace       used 100049K, capacity 106036K, committed 106496K, reserved 1142784K
  class space    used 11298K, capacity 13422K, committed 13568K, reserved 1048576K
}
Event: 3034.942 GC heap after
{Heap after GC invocations=161 (full 0):
 garbage-first heap   total 114688K, used 57903K [0x00000000c0000000, 0x0000000100000000)
  region size 1024K, 2 young (2048K), 2 survivors (2048K)
 Metaspace       used 100049K, capacity 106036K, committed 106496K, reserved 1142784K
  class space    used 11298K, capacity 13422K, committed 13568K, reserved 1048576K
}
Event: 3252.185 GC heap before
{Heap before GC invocations=162 (full 0):
 garbage-first heap   total 114688K, used 99887K [0x00000000c0000000, 0x0000000100000000)
  region size 1024K, 43 young (44032K), 2 survivors (2048K)
 Metaspace       used 100053K, capacity 106036K, committed 106496K, reserved 1142784K
  class space    used 11298K, capacity 13422K, committed 13568K, reserved 1048576K
}
Event: 3252.189 GC heap after
{Heap after GC invocations=163 (full 0):
 garbage-first heap   total 114688K, used 57842K [0x00000000c0000000, 0x0000000100000000)
  region size 1024K, 2 young (2048K), 2 survivors (2048K)
 Metaspace       used 100053K, capacity 106036K, committed 106496K, reserved 1142784K
  class space    used 11298K, capacity 13422K, committed 13568K, reserved 1048576K
}
Event: 3268.188 GC heap before
{Heap before GC invocations=163 (full 0):
 garbage-first heap   total 114688K, used 60914K [0x00000000c0000000, 0x0000000100000000)
  region size 1024K, 5 young (5120K), 2 survivors (2048K)
 Metaspace       used 100053K, capacity 106036K, committed 106496K, reserved 1142784K
  class space    used 11298K, capacity 13422K, committed 13568K, reserved 1048576K
}
Event: 3268.202 GC heap after
{Heap after GC invocations=164 (full 0):
 garbage-first heap   total 114688K, used 54147K [0x00000000c0000000, 0x0000000100000000)
  region size 1024K, 1 young (1024K), 1 survivors (1024K)
 Metaspace       used 100053K, capacity 106036K, committed 106496K, reserved 1142784K
  class space    used 11298K, capacity 13422K, committed 13568K, reserved 1048576K
}

